=== Playwright setup started: 2026-04-17T12:06:02.7496389+08:00 ===
node: v18.19.1
npm: 10.2.4

--- npm ci --no-audit --prefer-offline ---
npm WARN EBADENGINE Unsupported engine {
npm WARN EBADENGINE   package: '@supabase/auth-js@2.103.0',
npm WARN EBADENGINE   required: { node: '>=20.0.0' },
npm WARN EBADENGINE   current: { node: 'v18.19.1', npm: '10.2.4' }
npm WARN EBADENGINE }
npm WARN EBADENGINE Unsupported engine {
npm WARN EBADENGINE   package: '@supabase/functions-js@2.103.0',
npm WARN EBADENGINE   required: { node: '>=20.0.0' },
npm WARN EBADENGINE   current: { node: 'v18.19.1', npm: '10.2.4' }
npm WARN EBADENGINE }
npm WARN EBADENGINE Unsupported engine {
npm WARN EBADENGINE   package: '@supabase/postgrest-js@2.103.0',
npm WARN EBADENGINE   required: { node: '>=20.0.0' },
npm WARN EBADENGINE   current: { node: 'v18.19.1', npm: '10.2.4' }
npm WARN EBADENGINE }
npm WARN EBADENGINE Unsupported engine {
npm WARN EBADENGINE   package: '@supabase/realtime-js@2.103.0',
npm WARN EBADENGINE   required: { node: '>=20.0.0' },
npm WARN EBADENGINE   current: { node: 'v18.19.1', npm: '10.2.4' }
npm WARN EBADENGINE }
npm WARN EBADENGINE Unsupported engine {
npm WARN EBADENGINE   package: '@supabase/storage-js@2.103.0',
npm WARN EBADENGINE   required: { node: '>=20.0.0' },
npm WARN EBADENGINE   current: { node: 'v18.19.1', npm: '10.2.4' }
npm WARN EBADENGINE }
npm WARN EBADENGINE Unsupported engine {
npm WARN EBADENGINE   package: '@supabase/supabase-js@2.103.0',
npm WARN EBADENGINE   required: { node: '>=20.0.0' },
npm WARN EBADENGINE   current: { node: 'v18.19.1', npm: '10.2.4' }
npm WARN EBADENGINE }
npm WARN EBADENGINE Unsupported engine {
npm WARN EBADENGINE   package: 'eslint-visitor-keys@5.0.1',
npm WARN EBADENGINE   required: { node: '^20.19.0 || ^22.13.0 || >=24' },
npm WARN EBADENGINE   current: { node: 'v18.19.1', npm: '10.2.4' }
npm WARN EBADENGINE }
npm WARN EBADENGINE Unsupported engine {
npm WARN EBADENGINE   package: 'iceberg-js@0.8.1',
npm WARN EBADENGINE   required: { node: '>=20.0.0' },
npm WARN EBADENGINE   current: { node: 'v18.19.1', npm: '10.2.4' }
npm WARN EBADENGINE }
npm WARN deprecated inflight@1.0.6: This module is not supported, and leaks memory. Do not use it. Check out lru-cache if you want a good and tested way to coalesce async requests by a key value, which is much more comprehensive and powerful.
npm WARN deprecated @humanwhocodes/config-array@0.13.0: Use @eslint/config-array instead
npm WARN deprecated rimraf@3.0.2: Rimraf versions prior to v4 are no longer supported
npm WARN deprecated glob@7.2.3: Old versions of glob are not supported, and contain widely publicized security vulnerabilities, which have been fixed in the current version. Please update. Support for old versions may be purchased (at exorbitant rates) by contacting i@izs.me
npm WARN deprecated @humanwhocodes/object-schema@2.0.3: Use @eslint/object-schema instead
npm WARN deprecated point-geometry@0.0.0: This module has moved: please install @mapbox/point-geometry instead
npm WARN deprecated vector-tile@1.3.0: This module has moved: please install @mapbox/vector-tile instead
npm WARN deprecated eslint@8.57.1: This version is no longer supported. Please see https://eslint.org/version-support for other options.

> rail-stamp-rally@0.1.0 postinstall
> node scripts/copy-leaflet-images.js || true


added 365 packages in 33s

133 packages are looking for funding
  run `npm fund` for details
npm ci exit code: 0
npm ci succeeded.

--- npx playwright install --with-deps ---
npx playwright install --with-deps exit code: 0
Playwright install --with-deps succeeded.

node_modules exists: True
npx playwright --version exit code: 0
npx playwright --version output: Version 1.59.1
Created marker at C:\Users\howard.kang\testCode\rail-stamp-rally\.e2e-ready with content: {"ready_at":"2026-04-17T12:06:46.1669185+08:00","npm":"10.2.4","node":"v18.19.1"}

Setup succeeded at 2026-04-17T12:06:46.1962060+08:00
=== Setup started: 2026-04-17T12:14:15.1313129+08:00 ===
node_modules present, skipping npm ci
v18.19.1
10.2.4
Running: npx playwright install --with-deps
=== Setup finished: 2026-04-17T12:14:18.0918545+08:00 ===
